Arguments: 
  /usr/bin/node /usr/share/yarn/bin/yarn.js install

PATH: 
  /home/linuxbrew/.linuxbrew/bin:/home/linuxbrew/.linuxbrew/sbin:/usr/local/sbin:/usr/local/bin:/usr/sbin:/usr/bin:/sbin:/bin:/usr/games:/usr/local/games:/usr/lib/wsl/lib:/mnt/c/Windows/system32:/mnt/c/Windows:/mnt/c/Windows/System32/Wbem:/mnt/c/Windows/System32/WindowsPowerShell/v1.0/:/mnt/c/Windows/System32/OpenSSH/:/mnt/c/Program Files/WireGuard/:/mnt/c/Program Files (x86)/GitExtensions/:/mnt/c/Program Files (x86)/Common Files/Acronis/SnapAPI/:/mnt/c/Program Files/Git/cmd:/mnt/c/ProgramData/chocolatey/bin:/mnt/c/Program Files/Docker/Docker/resources/bin:/mnt/c/ProgramData/DockerDesktop/version-bin:/mnt/c/Users/cyber/AppData/Local/Programs/Python/Python37-32/Scripts/:/mnt/c/Users/cyber/AppData/Local/Programs/Python/Python37-32/:/mnt/c/Users/cyber/AppData/Local/Microsoft/WindowsApps:/mnt/c/Users/cyber/AppData/Local/Programs/Microsoft VS Code/bin:/mnt/c/Program Files (x86)/mitmproxy/bin:/mnt/c/Users/cyber/AppData/Local/GitHubDesktop/bin

Yarn version: 
  1.22.17

Node version: 
  17.4.0

Platform: 
  linux x64

Trace: 
  SyntaxError: /home/pooh/git/api-master/package.json: Unexpected token } in JSON at position 432
      at JSON.parse (<anonymous>)
      at /usr/share/yarn/lib/cli.js:1625:59
      at Generator.next (<anonymous>)
      at step (/usr/share/yarn/lib/cli.js:310:30)
      at /usr/share/yarn/lib/cli.js:321:13

npm manifest: 
  {
    "name": "cinema-api",
    "version": "1.0.0",
    "main": "index.js",
    "author": "Andrew Rudykh <caaatpro@gmail.com>",
    "license": "MIT",
    "scripts": {
      "docs": "raml2html --theme raml2html-default-theme docs/index.raml > docs/index.html"
    },
    "dependencies": {
      "browser-sync": "^2.26.7",
      "gulp": "^4.0.2",
      "raml2html": "^7.5.0",
      "raml2html-default-theme": "^2.9.3",
      "raml2html-slate-theme": "^2.6.0",
    }
  }

yarn manifest: 
  No manifest

Lockfile: 
  No lockfile
